
[!] - revssh - Sat Dec 19 23:01:30 UTC 2020 - 1 found, creating SSH tunnel
[!] - revssh - Sat Dec 19 23:01:30 UTC 2020 - 1 found, creating SSH tunnel
[+] - revssh - Sat Dec 19 23:01:30 UTC 2020 - SSH tunnel creation succeeded
[+] - revssh - Sat Dec 19 23:01:30 UTC 2020 - SSH tunnel creation succeeded
[!] - revssh - Sat Dec 19 23:01:29 UTC 2020 - 1 found, creating SSH tunnel
[!] - revssh - Sat Dec 19 23:01:29 UTC 2020 - 1 found, creating SSH tunnel
[+] - revssh - Sat Dec 19 23:01:29 UTC 2020 - SSH tunnel creation succeeded
[+] - revssh - Sat Dec 19 23:01:29 UTC 2020 - SSH tunnel creation succeeded
[!] - revssh - Fri Dec 25 18:10:01 UTC 2020 - 1 found, creating SSH tunnel
[!] - revssh - Fri Dec 25 18:10:01 UTC 2020 - 1 found, creating SSH tunnel
[+] - revssh - Fri Dec 25 18:10:01 UTC 2020 - SSH tunnel creation succeeded
[+] - revssh - Fri Dec 25 18:10:01 UTC 2020 - SSH tunnel creation succeeded
[-] - revssh - Fri Dec 25 18:15:01 UTC 2020 - 0 not found, bailing !!!
[-] - revssh - Fri Dec 25 18:15:01 UTC 2020 - 0 not found, bailing !!!
[-] - revssh - Fri Dec 25 18:20:01 UTC 2020 - 0 not found, bailing !!!
[-] - revssh - Fri Dec 25 18:20:01 UTC 2020 - 0 not found, bailing !!!
[-] - revssh - Fri Dec 25 18:25:01 UTC 2020 - 0 not found, bailing !!!
[-] - revssh - Fri Dec 25 18:25:01 UTC 2020 - 0 not found, bailing !!!
[-] - revssh - Fri Dec 25 18:30:01 UTC 2020 - 0 not found, bailing !!!
[-] - revssh - Fri Dec 25 18:30:01 UTC 2020 - 0 not found, bailing !!!
[-] - revssh - Fri Dec 25 18:35:01 UTC 2020 - 0 not found, bailing !!!
[-] - revssh - Fri Dec 25 18:35:01 UTC 2020 - 0 not found, bailing !!!
[-] - revssh - Fri Dec 25 18:40:01 UTC 2020 - 0 not found, bailing !!!
[-] - revssh - Fri Dec 25 18:40:01 UTC 2020 - 0 not found, bailing !!!
[-] - revssh - Fri Dec 25 18:45:01 UTC 2020 - 0 not found, bailing !!!
[-] - revssh - Fri Dec 25 18:45:01 UTC 2020 - 0 not found, bailing !!!
[-] - revssh - Fri Dec 25 18:50:01 UTC 2020 - 0 not found, bailing !!!
[-] - revssh - Fri Dec 25 18:50:01 UTC 2020 - 0 not found, bailing !!!
[-] - revssh - Fri Dec 25 18:55:01 UTC 2020 - 0 not found, bailing !!!
[-] - revssh - Fri Dec 25 18:55:01 UTC 2020 - 0 not found, bailing !!!
[-] - revssh - Fri Dec 25 19:00:01 UTC 2020 - 0 not found, bailing !!!
[-] - revssh - Fri Dec 25 19:00:01 UTC 2020 - 0 not found, bailing !!!
[-] - revssh - Fri Dec 25 19:04:56 UTC 2020 - 0 not found, bailing !!!
[-] - revssh - Fri Dec 25 19:04:56 UTC 2020 - 0 not found, bailing !!!
[-] - revssh - Fri Dec 25 19:05:01 UTC 2020 - 0 not found, bailing !!!
[-] - revssh - Fri Dec 25 19:05:01 UTC 2020 - 0 not found, bailing !!!
[-] - revssh - Fri Dec 25 19:10:01 UTC 2020 - 0 not found, bailing !!!
[-] - revssh - Fri Dec 25 19:10:01 UTC 2020 - 0 not found, bailing !!!
[-] - revssh - Fri Dec 25 19:15:01 UTC 2020 - 0 not found, bailing !!!
[-] - revssh - Fri Dec 25 19:15:01 UTC 2020 - 0 not found, bailing !!!
[-] - revssh - Fri Dec 25 19:20:01 UTC 2020 - 0 not found, bailing !!!
[-] - revssh - Fri Dec 25 19:20:01 UTC 2020 - 0 not found, bailing !!!
[-] - revssh - Fri Dec 25 19:25:01 UTC 2020 - 0 not found, bailing !!!
[-] - revssh - Fri Dec 25 19:25:01 UTC 2020 - 0 not found, bailing !!!
[-] - revssh - Fri Dec 25 19:30:01 UTC 2020 - 0 not found, bailing !!!
[-] - revssh - Fri Dec 25 19:30:01 UTC 2020 - 0 not found, bailing !!!
[-] - revssh - Fri Dec 25 19:35:02 UTC 2020 - 0 not found, bailing !!!
[-] - revssh - Fri Dec 25 19:35:02 UTC 2020 - 0 not found, bailing !!!
[-] - revssh - Fri Dec 25 19:40:01 UTC 2020 - 0 not found, bailing !!!
[-] - revssh - Fri Dec 25 19:40:01 UTC 2020 - 0 not found, bailing !!!
[-] - revssh - Fri Dec 25 19:45:01 UTC 2020 - 0 not found, bailing !!!
[-] - revssh - Fri Dec 25 19:45:01 UTC 2020 - 0 not found, bailing !!!
[-] - revssh - Fri Dec 25 19:50:01 UTC 2020 - 0 not found, bailing !!!
[-] - revssh - Fri Dec 25 19:50:01 UTC 2020 - 0 not found, bailing !!!
[-] - revssh - Fri Dec 25 19:55:01 UTC 2020 - 0 not found, bailing !!!
[-] - revssh - Fri Dec 25 19:55:01 UTC 2020 - 0 not found, bailing !!!
[-] - revssh - Fri Dec 25 20:00:01 UTC 2020 - 0 not found, bailing !!!
[-] - revssh - Fri Dec 25 20:00:01 UTC 2020 - 0 not found, bailing !!!
[-] - revssh - Fri Dec 25 20:05:01 UTC 2020 - 0 not found, bailing !!!
[-] - revssh - Fri Dec 25 20:05:01 UTC 2020 - 0 not found, bailing !!!
